2025-03-27 23:29:20,315 - __main__ - INFO - Tüm modellerin eðitimi baþlýyor...
2025-03-27 23:29:20,342 - __main__ - INFO - Veri seti yüklendi: ../data/synthetic_vacation_data.csv, Satýr sayýsý: 1000
2025-03-27 23:29:20,342 - __main__ - INFO - 
==================================================
A* Algoritmasý eðitimi baþlýyor
==================================================
2025-03-27 23:29:20,343 - a_star_search - INFO - A* tabanlý model eðitimi baþlýyor...
2025-03-27 23:29:20,373 - a_star_search - INFO - Özellik aðýrlýklarý öðreniliyor...
2025-03-27 23:29:21,793 - a_star_search - INFO - Ýterasyon 10/150, Doðruluk: 0.4363
2025-03-27 23:29:23,144 - a_star_search - INFO - Ýterasyon 20/150, Doðruluk: 0.5088
2025-03-27 23:29:24,161 - a_star_search - INFO - Ýterasyon 30/150 - Erken durdurma (En iyi doðruluk: 0.5837)
2025-03-27 23:29:24,161 - a_star_search - INFO - Özellik aðýrlýklarý öðrenildi. En iyi doðruluk: 0.5837
2025-03-27 23:29:24,195 - a_star_search - INFO - Test Seti Doðruluk: 0.5400, Tahmin Süresi: 0.03 saniye
2025-03-27 23:29:24,195 - a_star_search - INFO - 
Confusion Matrix:
2025-03-27 23:29:24,199 - a_star_search - INFO - 
[[ 8 16  0  2  0  1  6  0]
 [ 1 31  0  1  0  0  0  0]
 [ 5 16  7  2  4  7  4  0]
 [ 1  0  4  8  2  0  1  0]
 [ 2  0  0  0 12  1  0  0]
 [ 0  0  0  0  0  5  3  1]
 [ 0  1  1  0  1  1 15  5]
 [ 0  0  0  3  0  0  0 22]]
2025-03-27 23:29:24,200 - a_star_search - INFO - 
Classification Report:
2025-03-27 23:29:24,218 - a_star_search - INFO - 
              precision    recall  f1-score   support

     Antalya       0.47      0.24      0.32        33
      Bodrum       0.48      0.94      0.64        33
   Kapadokya       0.58      0.16      0.25        45
      Samsun       0.50      0.50      0.50        16
   Sarýkamýþ       0.63      0.80      0.71        15
      Uludað       0.33      0.56      0.42         9
   Çanakkale       0.52      0.62      0.57        24
    Ýstanbul       0.79      0.88      0.83        25

    accuracy                           0.54       200
   macro avg       0.54      0.59      0.53       200
weighted avg       0.55      0.54      0.50       200

2025-03-27 23:29:26,119 - a_star_search - WARNING - Grafik oluþturma hatasý: [Errno 2] No such file or directory: 'models/astar_feature_weights.png'
2025-03-27 23:29:26,122 - a_star_search - INFO - A* tabanlý model eðitimi tamamlandý
2025-03-27 23:29:26,123 - __main__ - ERROR - A* Algoritmasý eðitimi sýrasýnda hata oluþtu: [Errno 2] No such file or directory: 'models/astar_label_encoders.joblib'
2025-03-27 23:29:26,149 - __main__ - ERROR - Traceback (most recent call last):
  File "C:\Users\efeba\YAP441\models\train_all_models.py", line 61, in train_all_models
    model.save_model()
  File "C:\Users\efeba\YAP441\models\a_star_search.py", line 449, in save_model
    joblib.dump(self.label_encoders, 'models/astar_label_encoders.joblib')
  File "C:\Users\efeba\AppData\Roaming\Python\Python310\site-packages\joblib\numpy_pickle.py", line 552, in dump
    with open(filename, 'wb') as f:
FileNotFoundError: [Errno 2] No such file or directory: 'models/astar_label_encoders.joblib'

2025-03-27 23:29:26,149 - __main__ - INFO - 
==================================================
Genetik Algoritma eðitimi baþlýyor
==================================================
2025-03-27 23:29:26,150 - genetic_algorithm - INFO - Genetik Algoritma model eðitimi baþlýyor...
2025-03-27 23:29:29,397 - genetic_algorithm - INFO - Jenerasyon 1/50, En Ýyi Uygunluk: 0.2281
2025-03-27 23:29:41,749 - genetic_algorithm - INFO - Jenerasyon 5/50, En Ýyi Uygunluk: 0.3567
2025-03-27 23:29:57,663 - genetic_algorithm - INFO - Jenerasyon 10/50, En Ýyi Uygunluk: 0.4155
2025-03-27 23:30:11,851 - genetic_algorithm - INFO - Jenerasyon 15/50, En Ýyi Uygunluk: 0.4366
2025-03-27 23:30:25,789 - genetic_algorithm - INFO - Jenerasyon 20/50, En Ýyi Uygunluk: 0.4366
2025-03-27 23:30:36,654 - genetic_algorithm - INFO - Erken durdurma: 10 jenerasyon boyunca ilerleme yok. Jenerasyon 24/50
2025-03-27 23:30:36,663 - genetic_algorithm - INFO - 
Test Seti Doðruluk Oraný: 0.3750
2025-03-27 23:30:36,663 - genetic_algorithm - INFO - 
Confusion Matrix:
2025-03-27 23:30:36,665 - genetic_algorithm - INFO - 
[[13  6  2  0  4  0  8  0]
 [ 8 21  4  0  0  0  0  0]
 [ 2  9 17  2  0  0 14  1]
 [ 0  5  6  0  0  0  3  2]
 [ 1  3 10  0  0  0  1  0]
 [ 0  0  1  0  0  0  5  3]
 [ 0  1  2  0  0  0 17  4]
 [ 0  2  2  0  0  0 14  7]]
2025-03-27 23:30:36,665 - genetic_algorithm - INFO - 
Classification Report:
2025-03-27 23:30:36,706 - genetic_algorithm - INFO - 
              precision    recall  f1-score   support

           0       0.54      0.39      0.46        33
           1       0.45      0.64      0.52        33
           2       0.39      0.38      0.38        45
           3       0.00      0.00      0.00        16
           4       0.00      0.00      0.00        15
           5       0.00      0.00      0.00         9
           6       0.27      0.71      0.40        24
           7       0.41      0.28      0.33        25

    accuracy                           0.38       200
   macro avg       0.26      0.30      0.26       200
weighted avg       0.33      0.38      0.34       200

2025-03-27 23:30:37,075 - genetic_algorithm - WARNING - Grafik oluþturma hatasý: [Errno 2] No such file or directory: 'models/genetic_algorithm_fitness.png'
2025-03-27 23:30:37,079 - genetic_algorithm - INFO - Genetik Algoritma model eðitimi tamamlandý
2025-03-27 23:30:37,080 - __main__ - ERROR - Genetik Algoritma eðitimi sýrasýnda hata oluþtu: [Errno 2] No such file or directory: 'models/genetic_model.joblib'
2025-03-27 23:30:37,081 - __main__ - ERROR - Traceback (most recent call last):
  File "C:\Users\efeba\YAP441\models\train_all_models.py", line 61, in train_all_models
    model.save_model()
  File "C:\Users\efeba\YAP441\models\genetic_algorithm.py", line 500, in save_model
    joblib.dump(self.feature_weights, 'models/genetic_model.joblib')
  File "C:\Users\efeba\AppData\Roaming\Python\Python310\site-packages\joblib\numpy_pickle.py", line 552, in dump
    with open(filename, 'wb') as f:
FileNotFoundError: [Errno 2] No such file or directory: 'models/genetic_model.joblib'

2025-03-27 23:30:37,082 - __main__ - INFO - 
==================================================
Iterative Deepening eðitimi baþlýyor
==================================================
2025-03-27 23:30:37,083 - iterative_deepening - INFO - IDDFS tabanlý model eðitimi baþlýyor...
2025-03-27 23:30:37,165 - iterative_deepening - INFO - Derinlik 1: Doðruluk 0.2250, Tahmin Süresi: 0.06 saniye
2025-03-27 23:30:37,241 - iterative_deepening - INFO - Derinlik 2: Doðruluk 0.2250, Tahmin Süresi: 0.07 saniye
2025-03-27 23:30:37,308 - iterative_deepening - INFO - Derinlik 3: Doðruluk 0.2250, Tahmin Süresi: 0.06 saniye
2025-03-27 23:30:37,376 - iterative_deepening - INFO - Derinlik 4: Doðruluk 0.2250, Tahmin Süresi: 0.07 saniye
2025-03-27 23:30:37,452 - iterative_deepening - INFO - Derinlik 5: Doðruluk 0.2250, Tahmin Süresi: 0.07 saniye
2025-03-27 23:30:37,529 - iterative_deepening - INFO - Derinlik 6: Doðruluk 0.2250, Tahmin Süresi: 0.08 saniye
2025-03-27 23:30:37,608 - iterative_deepening - INFO - Derinlik 7: Doðruluk 0.2250, Tahmin Süresi: 0.08 saniye
2025-03-27 23:30:37,687 - iterative_deepening - INFO - Derinlik 8: Doðruluk 0.2250, Tahmin Süresi: 0.08 saniye
2025-03-27 23:30:37,765 - iterative_deepening - INFO - Derinlik 9: Doðruluk 0.2250, Tahmin Süresi: 0.08 saniye
2025-03-27 23:30:37,842 - iterative_deepening - INFO - Derinlik 10: Doðruluk 0.2250, Tahmin Süresi: 0.08 saniye
2025-03-27 23:30:37,843 - iterative_deepening - INFO - En iyi derinlik: 1, Doðruluk: 0.2250
2025-03-27 23:30:37,844 - iterative_deepening - INFO - 
Test Seti Performansý (En iyi derinlik ile):
2025-03-27 23:30:37,844 - iterative_deepening - INFO - 
Confusion Matrix:
2025-03-27 23:30:37,848 - iterative_deepening - INFO - 
[[ 4  4  2  1  4  2  5 11]
 [ 3  4  6  7  1  1  4  7]
 [ 6  3  7  3  4  2 10 10]
 [ 2  1  2  2  1  2  3  3]
 [ 0  1  2  1  2  3  0  6]
 [ 0  2  1  1  0  0  3  2]
 [ 0  0  0  1  2  1  6 14]
 [ 0  0  4  0  0  1  0 20]]
2025-03-27 23:30:37,848 - iterative_deepening - INFO - 
Classification Report:
2025-03-27 23:30:37,869 - iterative_deepening - INFO - 
              precision    recall  f1-score   support

     Antalya       0.27      0.12      0.17        33
      Bodrum       0.27      0.12      0.17        33
   Kapadokya       0.29      0.16      0.20        45
      Samsun       0.12      0.12      0.12        16
   Sarýkamýþ       0.14      0.13      0.14        15
      Uludað       0.00      0.00      0.00         9
   Çanakkale       0.19      0.25      0.22        24
    Ýstanbul       0.27      0.80      0.41        25

    accuracy                           0.23       200
   macro avg       0.20      0.21      0.18       200
weighted avg       0.23      0.23      0.20       200

2025-03-27 23:30:38,447 - iterative_deepening - WARNING - Grafik oluþturma hatasý: [Errno 2] No such file or directory: 'models/iddfs_performance.png'
2025-03-27 23:30:38,451 - iterative_deepening - INFO - IDDFS tabanlý model eðitimi tamamlandý
2025-03-27 23:30:38,451 - __main__ - ERROR - Iterative Deepening eðitimi sýrasýnda hata oluþtu: [Errno 2] No such file or directory: 'models/iddfs_label_encoders.joblib'
2025-03-27 23:30:38,454 - __main__ - ERROR - Traceback (most recent call last):
  File "C:\Users\efeba\YAP441\models\train_all_models.py", line 61, in train_all_models
    model.save_model()
  File "C:\Users\efeba\YAP441\models\iterative_deepening.py", line 390, in save_model
    joblib.dump(self.label_encoders, 'models/iddfs_label_encoders.joblib')
  File "C:\Users\efeba\AppData\Roaming\Python\Python310\site-packages\joblib\numpy_pickle.py", line 552, in dump
    with open(filename, 'wb') as f:
FileNotFoundError: [Errno 2] No such file or directory: 'models/iddfs_label_encoders.joblib'

2025-03-27 23:30:38,454 - __main__ - INFO - 
==================================================
KNN eðitimi baþlýyor
==================================================
2025-03-27 23:30:38,455 - knn_model - INFO - KNN model eðitimi baþlýyor...
2025-03-27 23:30:39,252 - knn_model - WARNING - Elbow grafik oluþturma hatasý: [Errno 2] No such file or directory: 'models/knn_elbow_plot.png'
2025-03-27 23:30:39,256 - knn_model - INFO - Optimal K deðeri: 1
2025-03-27 23:30:39,257 - knn_model - INFO - Hiperparametre optimizasyonu baþlýyor...
2025-03-27 23:30:56,508 - knn_model - INFO - 
En iyi parametreler: {'algorithm': 'auto', 'metric': 'manhattan', 'n_neighbors': 5, 'p': 1, 'weights': 'distance'}
2025-03-27 23:30:56,510 - knn_model - INFO - En iyi cross-validation skoru: 0.8150
2025-03-27 23:30:56,526 - knn_model - INFO - 
Test Seti Performansý:
2025-03-27 23:30:56,527 - knn_model - INFO - 
Confusion Matrix:
2025-03-27 23:30:56,535 - knn_model - INFO - 
[[23  0  3  6  0  0  0  1]
 [ 0 33  0  0  0  0  0  0]
 [ 2  2 35  2  1  1  2  0]
 [ 2  0  1 12  0  0  1  0]
 [ 1  0  0  0 14  0  0  0]
 [ 0  0  0  0  0  6  3  0]
 [ 1  0  1  1  0  0 21  0]
 [ 0  0  1  1  0  0  0 23]]
2025-03-27 23:30:56,536 - knn_model - INFO - 
Classification Report:
2025-03-27 23:30:56,573 - knn_model - INFO - 
              precision    recall  f1-score   support

     Antalya       0.79      0.70      0.74        33
      Bodrum       0.94      1.00      0.97        33
   Kapadokya       0.85      0.78      0.81        45
      Samsun       0.55      0.75      0.63        16
   Sarýkamýþ       0.93      0.93      0.93        15
      Uludað       0.86      0.67      0.75         9
   Çanakkale       0.78      0.88      0.82        24
    Ýstanbul       0.96      0.92      0.94        25

    accuracy                           0.83       200
   macro avg       0.83      0.83      0.83       200
weighted avg       0.84      0.83      0.84       200

2025-03-27 23:30:56,574 - knn_model - INFO - KNN model eðitimi tamamlandý
2025-03-27 23:30:56,577 - __main__ - ERROR - KNN eðitimi sýrasýnda hata oluþtu: [Errno 2] No such file or directory: 'models/knn_model.joblib'
2025-03-27 23:30:56,580 - __main__ - ERROR - Traceback (most recent call last):
  File "C:\Users\efeba\YAP441\models\train_all_models.py", line 61, in train_all_models
    model.save_model()
  File "C:\Users\efeba\YAP441\models\knn_model.py", line 385, in save_model
    joblib.dump(self.knn_model, 'models/knn_model.joblib')
  File "C:\Users\efeba\AppData\Roaming\Python\Python310\site-packages\joblib\numpy_pickle.py", line 552, in dump
    with open(filename, 'wb') as f:
FileNotFoundError: [Errno 2] No such file or directory: 'models/knn_model.joblib'

2025-03-27 23:30:57,425 - __main__ - INFO - Model karþýlaþtýrma grafiði kaydedildi: model_training_comparison.png
2025-03-27 23:30:57,426 - __main__ - INFO - 
Tüm modellerin eðitimi tamamlandý.
2025-03-27 23:30:57,427 - __main__ - INFO - 
Model tahmin testi baþlýyor...
2025-03-27 23:30:57,427 - __main__ - INFO - 
A* Algoritmasý tahmin testi:
2025-03-27 23:30:57,429 - a_star_search - ERROR - Model yükleme hatasý: [Errno 2] No such file or directory: 'models/astar_label_encoders.joblib'
2025-03-27 23:30:57,429 - __main__ - ERROR - A* Algoritmasý modeli yüklenemedi, bu model için test atlanýyor.
2025-03-27 23:30:57,430 - __main__ - INFO - 
Genetik Algoritma tahmin testi:
2025-03-27 23:30:57,430 - genetic_algorithm - ERROR - Model yükleme hatasý: [Errno 2] No such file or directory: 'models/genetic_model.joblib'
2025-03-27 23:30:57,431 - __main__ - ERROR - Genetik Algoritma modeli yüklenemedi, bu model için test atlanýyor.
2025-03-27 23:30:57,431 - __main__ - INFO - 
Iterative Deepening tahmin testi:
2025-03-27 23:30:57,433 - iterative_deepening - ERROR - Model yükleme hatasý: [Errno 2] No such file or directory: 'models/iddfs_label_encoders.joblib'
2025-03-27 23:30:57,434 - __main__ - ERROR - Iterative Deepening modeli yüklenemedi, bu model için test atlanýyor.
2025-03-27 23:30:57,434 - __main__ - INFO - 
KNN tahmin testi:
2025-03-27 23:30:57,434 - knn_model - ERROR - Model yükleme hatasý: [Errno 2] No such file or directory: 'models/knn_model.joblib'
2025-03-27 23:30:57,435 - __main__ - ERROR - KNN modeli yüklenemedi, bu model için test atlanýyor.
2025-03-27 23:30:57,438 - __main__ - INFO - 
Model tahmin testi tamamlandý.
2025-03-27 23:33:59,960 - __main__ - INFO - Tüm modellerin eðitimi baþlýyor...
2025-03-27 23:33:59,977 - __main__ - INFO - Veri seti yüklendi: ../data/synthetic_vacation_data.csv, Satýr sayýsý: 1000
2025-03-27 23:33:59,977 - __main__ - INFO - 
==================================================
A* Algoritmasý eðitimi baþlýyor
==================================================
2025-03-27 23:33:59,978 - a_star_search - INFO - A* tabanlý model eðitimi baþlýyor...
2025-03-27 23:34:00,006 - a_star_search - INFO - Özellik aðýrlýklarý öðreniliyor...
2025-03-27 23:34:01,270 - a_star_search - INFO - Ýterasyon 10/150, Doðruluk: 0.4487
2025-03-27 23:34:02,252 - a_star_search - INFO - Ýterasyon 20/150, Doðruluk: 0.5188
2025-03-27 23:34:03,267 - a_star_search - INFO - Ýterasyon 30/150 - Erken durdurma (En iyi doðruluk: 0.5700)
2025-03-27 23:34:03,267 - a_star_search - INFO - Özellik aðýrlýklarý öðrenildi. En iyi doðruluk: 0.5700
2025-03-27 23:34:03,294 - a_star_search - INFO - Test Seti Doðruluk: 0.5250, Tahmin Süresi: 0.02 saniye
2025-03-27 23:34:03,295 - a_star_search - INFO - 
Confusion Matrix:
2025-03-27 23:34:03,298 - a_star_search - INFO - 
[[ 8 16  0  1  0  2  6  0]
 [ 1 31  0  1  0  0  0  0]
 [ 5 16  7  1  4  8  4  0]
 [ 0  2  4  6  2  1  1  0]
 [ 2  0  0  0 12  1  0  0]
 [ 0  0  0  0  0  4  4  1]
 [ 0  1  1  0  1  1 15  5]
 [ 0  0  0  3  0  0  0 22]]
2025-03-27 23:34:03,299 - a_star_search - INFO - 
Classification Report:
2025-03-27 23:34:03,317 - a_star_search - INFO - 
              precision    recall  f1-score   support

     Antalya       0.50      0.24      0.33        33
      Bodrum       0.47      0.94      0.63        33
   Kapadokya       0.58      0.16      0.25        45
      Samsun       0.50      0.38      0.43        16
   Sarýkamýþ       0.63      0.80      0.71        15
      Uludað       0.24      0.44      0.31         9
   Çanakkale       0.50      0.62      0.56        24
    Ýstanbul       0.79      0.88      0.83        25

    accuracy                           0.53       200
   macro avg       0.53      0.56      0.50       200
weighted avg       0.55      0.53      0.48       200

2025-03-27 23:34:03,882 - a_star_search - WARNING - Grafik oluþturma hatasý: [Errno 2] No such file or directory: 'models/astar_feature_weights.png'
2025-03-27 23:34:03,885 - a_star_search - INFO - A* tabanlý model eðitimi tamamlandý
2025-03-27 23:34:03,897 - a_star_search - INFO - A* modeli baþarýyla kaydedildi.
2025-03-27 23:34:03,898 - __main__ - INFO - A* Algoritmasý modeli baþarýyla kaydedildi.
2025-03-27 23:34:03,898 - __main__ - INFO - A* Algoritmasý eðitimi tamamlandý. Süre: 3.92 saniye
2025-03-27 23:34:03,900 - __main__ - INFO - 
==================================================
Genetik Algoritma eðitimi baþlýyor
==================================================
2025-03-27 23:34:03,900 - genetic_algorithm - INFO - Genetik Algoritma model eðitimi baþlýyor...
2025-03-27 23:34:06,943 - genetic_algorithm - INFO - Jenerasyon 1/50, En Ýyi Uygunluk: 0.2331
2025-03-27 23:34:18,108 - genetic_algorithm - INFO - Jenerasyon 5/50, En Ýyi Uygunluk: 0.3678
2025-03-27 23:34:31,803 - genetic_algorithm - INFO - Jenerasyon 10/50, En Ýyi Uygunluk: 0.4776
2025-03-27 23:34:45,562 - genetic_algorithm - INFO - Jenerasyon 15/50, En Ýyi Uygunluk: 0.4776
2025-03-27 23:34:59,157 - genetic_algorithm - INFO - Jenerasyon 20/50, En Ýyi Uygunluk: 0.4776
2025-03-27 23:34:59,158 - genetic_algorithm - INFO - Erken durdurma: 10 jenerasyon boyunca ilerleme yok. Jenerasyon 20/50
2025-03-27 23:34:59,165 - genetic_algorithm - INFO - 
Test Seti Doðruluk Oraný: 0.4000
2025-03-27 23:34:59,165 - genetic_algorithm - INFO - 
Confusion Matrix:
2025-03-27 23:34:59,169 - genetic_algorithm - INFO - 
[[22  0  2  0  0  0  9  0]
 [16 16  0  0  0  0  1  0]
 [10  9  4  0  0  0 18  4]
 [ 2  4  2  0  0  0  8  0]
 [ 1  0  4  0  0  0  4  6]
 [ 0  0  0  0  0  0  5  4]
 [ 1  0  1  0  0  0 21  1]
 [ 0  3  0  0  0  0  5 17]]
2025-03-27 23:34:59,170 - genetic_algorithm - INFO - 
Classification Report:
2025-03-27 23:34:59,185 - genetic_algorithm - INFO - 
              precision    recall  f1-score   support

           0       0.42      0.67      0.52        33
           1       0.50      0.48      0.49        33
           2       0.31      0.09      0.14        45
           3       0.00      0.00      0.00        16
           4       0.00      0.00      0.00        15
           5       0.00      0.00      0.00         9
           6       0.30      0.88      0.44        24
           7       0.53      0.68      0.60        25

    accuracy                           0.40       200
   macro avg       0.26      0.35      0.27       200
weighted avg       0.32      0.40      0.33       200

2025-03-27 23:34:59,548 - genetic_algorithm - WARNING - Grafik oluþturma hatasý: [Errno 2] No such file or directory: 'models/genetic_algorithm_fitness.png'
2025-03-27 23:34:59,551 - genetic_algorithm - INFO - Genetik Algoritma model eðitimi tamamlandý
2025-03-27 23:34:59,564 - genetic_algorithm - INFO - Genetik Algoritma modeli baþarýyla kaydedildi
2025-03-27 23:34:59,565 - __main__ - INFO - Genetik Algoritma modeli baþarýyla kaydedildi.
2025-03-27 23:34:59,566 - __main__ - INFO - Genetik Algoritma eðitimi tamamlandý. Süre: 55.67 saniye
2025-03-27 23:34:59,566 - __main__ - INFO - 
==================================================
Iterative Deepening eðitimi baþlýyor
==================================================
2025-03-27 23:34:59,567 - iterative_deepening - INFO - IDDFS tabanlý model eðitimi baþlýyor...
2025-03-27 23:34:59,676 - iterative_deepening - INFO - Derinlik 1: Doðruluk 0.2250, Tahmin Süresi: 0.09 saniye
2025-03-27 23:34:59,731 - iterative_deepening - INFO - Derinlik 2: Doðruluk 0.2250, Tahmin Süresi: 0.05 saniye
2025-03-27 23:34:59,786 - iterative_deepening - INFO - Derinlik 3: Doðruluk 0.2250, Tahmin Süresi: 0.05 saniye
2025-03-27 23:34:59,848 - iterative_deepening - INFO - Derinlik 4: Doðruluk 0.2250, Tahmin Süresi: 0.06 saniye
2025-03-27 23:34:59,904 - iterative_deepening - INFO - Derinlik 5: Doðruluk 0.2250, Tahmin Süresi: 0.05 saniye
2025-03-27 23:34:59,974 - iterative_deepening - INFO - Derinlik 6: Doðruluk 0.2250, Tahmin Süresi: 0.07 saniye
2025-03-27 23:35:00,055 - iterative_deepening - INFO - Derinlik 7: Doðruluk 0.2250, Tahmin Süresi: 0.08 saniye
2025-03-27 23:35:00,134 - iterative_deepening - INFO - Derinlik 8: Doðruluk 0.2250, Tahmin Süresi: 0.08 saniye
2025-03-27 23:35:00,214 - iterative_deepening - INFO - Derinlik 9: Doðruluk 0.2250, Tahmin Süresi: 0.08 saniye
2025-03-27 23:35:00,297 - iterative_deepening - INFO - Derinlik 10: Doðruluk 0.2250, Tahmin Süresi: 0.08 saniye
2025-03-27 23:35:00,297 - iterative_deepening - INFO - En iyi derinlik: 1, Doðruluk: 0.2250
2025-03-27 23:35:00,298 - iterative_deepening - INFO - 
Test Seti Performansý (En iyi derinlik ile):
2025-03-27 23:35:00,298 - iterative_deepening - INFO - 
Confusion Matrix:
2025-03-27 23:35:00,303 - iterative_deepening - INFO - 
[[ 4  4  2  1  4  2  5 11]
 [ 3  4  6  7  1  1  4  7]
 [ 6  3  7  3  4  2 10 10]
 [ 2  1  2  2  1  2  3  3]
 [ 0  1  2  1  2  3  0  6]
 [ 0  2  1  1  0  0  3  2]
 [ 0  0  0  1  2  1  6 14]
 [ 0  0  4  0  0  1  0 20]]
2025-03-27 23:35:00,304 - iterative_deepening - INFO - 
Classification Report:
2025-03-27 23:35:00,326 - iterative_deepening - INFO - 
              precision    recall  f1-score   support

     Antalya       0.27      0.12      0.17        33
      Bodrum       0.27      0.12      0.17        33
   Kapadokya       0.29      0.16      0.20        45
      Samsun       0.12      0.12      0.12        16
   Sarýkamýþ       0.14      0.13      0.14        15
      Uludað       0.00      0.00      0.00         9
   Çanakkale       0.19      0.25      0.22        24
    Ýstanbul       0.27      0.80      0.41        25

    accuracy                           0.23       200
   macro avg       0.20      0.21      0.18       200
weighted avg       0.23      0.23      0.20       200

2025-03-27 23:35:00,853 - iterative_deepening - WARNING - Grafik oluþturma hatasý: [Errno 2] No such file or directory: 'models/iddfs_performance.png'
2025-03-27 23:35:00,857 - iterative_deepening - INFO - IDDFS tabanlý model eðitimi tamamlandý
2025-03-27 23:35:00,868 - iterative_deepening - INFO - IDDFS modeli baþarýyla kaydedildi
2025-03-27 23:35:00,868 - __main__ - INFO - Iterative Deepening modeli baþarýyla kaydedildi.
2025-03-27 23:35:00,869 - __main__ - INFO - Iterative Deepening eðitimi tamamlandý. Süre: 1.30 saniye
2025-03-27 23:35:00,869 - __main__ - INFO - 
==================================================
KNN eðitimi baþlýyor
==================================================
2025-03-27 23:35:00,871 - knn_model - INFO - KNN model eðitimi baþlýyor...
2025-03-27 23:35:01,665 - knn_model - WARNING - Elbow grafik oluþturma hatasý: [Errno 2] No such file or directory: 'models/knn_elbow_plot.png'
2025-03-27 23:35:01,670 - knn_model - INFO - Optimal K deðeri: 1
2025-03-27 23:35:01,671 - knn_model - INFO - Hiperparametre optimizasyonu baþlýyor...
2025-03-27 23:35:19,867 - knn_model - INFO - 
En iyi parametreler: {'algorithm': 'auto', 'metric': 'manhattan', 'n_neighbors': 5, 'p': 1, 'weights': 'distance'}
2025-03-27 23:35:19,867 - knn_model - INFO - En iyi cross-validation skoru: 0.8150
2025-03-27 23:35:19,877 - knn_model - INFO - 
Test Seti Performansý:
2025-03-27 23:35:19,877 - knn_model - INFO - 
Confusion Matrix:
2025-03-27 23:35:19,882 - knn_model - INFO - 
[[23  0  3  6  0  0  0  1]
 [ 0 33  0  0  0  0  0  0]
 [ 2  2 35  2  1  1  2  0]
 [ 2  0  1 12  0  0  1  0]
 [ 1  0  0  0 14  0  0  0]
 [ 0  0  0  0  0  6  3  0]
 [ 1  0  1  1  0  0 21  0]
 [ 0  0  1  1  0  0  0 23]]
2025-03-27 23:35:19,884 - knn_model - INFO - 
Classification Report:
2025-03-27 23:35:19,917 - knn_model - INFO - 
              precision    recall  f1-score   support

     Antalya       0.79      0.70      0.74        33
      Bodrum       0.94      1.00      0.97        33
   Kapadokya       0.85      0.78      0.81        45
      Samsun       0.55      0.75      0.63        16
   Sarýkamýþ       0.93      0.93      0.93        15
      Uludað       0.86      0.67      0.75         9
   Çanakkale       0.78      0.88      0.82        24
    Ýstanbul       0.96      0.92      0.94        25

    accuracy                           0.83       200
   macro avg       0.83      0.83      0.83       200
weighted avg       0.84      0.83      0.84       200

2025-03-27 23:35:19,919 - knn_model - INFO - KNN model eðitimi tamamlandý
2025-03-27 23:35:19,944 - knn_model - INFO - KNN modeli kaydedildi.
2025-03-27 23:35:19,945 - __main__ - INFO - KNN modeli baþarýyla kaydedildi.
2025-03-27 23:35:19,946 - __main__ - INFO - KNN eðitimi tamamlandý. Süre: 19.08 saniye
2025-03-27 23:35:21,062 - __main__ - INFO - Model karþýlaþtýrma grafiði kaydedildi: model_training_comparison.png
2025-03-27 23:35:21,063 - __main__ - INFO - 
Tüm modellerin eðitimi tamamlandý.
2025-03-27 23:35:21,064 - __main__ - INFO - 
Model tahmin testi baþlýyor...
2025-03-27 23:35:21,064 - __main__ - INFO - 
A* Algoritmasý tahmin testi:
2025-03-27 23:35:21,078 - a_star_search - INFO - A* modeli baþarýyla yüklendi.
2025-03-27 23:35:21,116 - __main__ - INFO - Test 1: Yaz, Plaj, Bütçe: 15000
2025-03-27 23:35:21,116 - __main__ - INFO -   Tahmin: None, Güven: 0.3345
2025-03-27 23:35:21,118 - __main__ - INFO - Test 2: Kýþ, Kayak, Bütçe: 20000
2025-03-27 23:35:21,119 - __main__ - INFO -   Tahmin: None, Güven: 0.3202
2025-03-27 23:35:21,119 - a_star_search - ERROR - Tahmin hatasý: y contains previously unseen labels: 'Kültür Turu'
2025-03-27 23:35:21,121 - __main__ - WARNING - Test 3 için tahmin yapýlamadý.
2025-03-27 23:35:21,121 - __main__ - INFO - 
Genetik Algoritma tahmin testi:
2025-03-27 23:35:21,129 - genetic_algorithm - INFO - Genetik Algoritma modeli baþarýyla yüklendi
2025-03-27 23:35:21,129 - genetic_algorithm - INFO - Genetik Algoritma ile tahmin yapýlýyor...
2025-03-27 23:35:21,131 - genetic_algorithm - WARNING - recommended_vacation kullanýcý tercihlerinde bulunamadý!
2025-03-27 23:35:21,132 - genetic_algorithm - ERROR - Genetik Algoritma tahmin hatasý: argument of type 'NoneType' is not iterable
2025-03-27 23:35:21,134 - genetic_algorithm - ERROR - Traceback (most recent call last):
  File "C:\Users\efeba\YAP441\models\genetic_algorithm.py", line 392, in predict
    if col in processed_preferences:
TypeError: argument of type 'NoneType' is not iterable

2025-03-27 23:35:21,136 - __main__ - WARNING - Test 1 için tahmin yapýlamadý.
2025-03-27 23:35:21,136 - genetic_algorithm - INFO - Genetik Algoritma ile tahmin yapýlýyor...
2025-03-27 23:35:21,138 - genetic_algorithm - WARNING - recommended_vacation kullanýcý tercihlerinde bulunamadý!
2025-03-27 23:35:21,139 - genetic_algorithm - ERROR - Genetik Algoritma tahmin hatasý: argument of type 'NoneType' is not iterable
2025-03-27 23:35:21,139 - genetic_algorithm - ERROR - Traceback (most recent call last):
  File "C:\Users\efeba\YAP441\models\genetic_algorithm.py", line 392, in predict
    if col in processed_preferences:
TypeError: argument of type 'NoneType' is not iterable

2025-03-27 23:35:21,140 - __main__ - WARNING - Test 2 için tahmin yapýlamadý.
2025-03-27 23:35:21,141 - genetic_algorithm - INFO - Genetik Algoritma ile tahmin yapýlýyor...
2025-03-27 23:35:21,142 - genetic_algorithm - ERROR - Genetik Algoritma tahmin hatasý: y contains previously unseen labels: 'Kültür Turu'
2025-03-27 23:35:21,220 - genetic_algorithm - ERROR - Traceback (most recent call last):
  File "C:\Users\efeba\AppData\Roaming\Python\Python310\site-packages\sklearn\utils\_encode.py", line 225, in _encode
    return _map_to_integer(values, uniques)
  File "C:\Users\efeba\AppData\Roaming\Python\Python310\site-packages\sklearn\utils\_encode.py", line 165, in _map_to_integer
    return np.array([table[v] for v in values])
  File "C:\Users\efeba\AppData\Roaming\Python\Python310\site-packages\sklearn\utils\_encode.py", line 165, in <listcomp>
    return np.array([table[v] for v in values])
  File "C:\Users\efeba\AppData\Roaming\Python\Python310\site-packages\sklearn\utils\_encode.py", line 159, in __missing__
    raise KeyError(key)
KeyError: 'Kültür Turu'

During handling of the above exception, another exception occurred:

Traceback (most recent call last):
  File "C:\Users\efeba\YAP441\models\genetic_algorithm.py", line 387, in predict
    processed_preferences = self._process_user_preferences(user_preferences)
  File "C:\Users\efeba\YAP441\models\genetic_algorithm.py", line 450, in _process_user_preferences
    features[col] = self.label_encoders[col].transform([str(user_preferences[col])])[0]
  File "C:\Users\efeba\AppData\Roaming\Python\Python310\site-packages\sklearn\utils\_set_output.py", line 140, in wrapped
    data_to_wrap = f(self, X, *args, **kwargs)
  File "C:\Users\efeba\AppData\Roaming\Python\Python310\site-packages\sklearn\preprocessing\_label.py", line 137, in transform
    return _encode(y, uniques=self.classes_)
  File "C:\Users\efeba\AppData\Roaming\Python\Python310\site-packages\sklearn\utils\_encode.py", line 227, in _encode
    raise ValueError(f"y contains previously unseen labels: {str(e)}")
ValueError: y contains previously unseen labels: 'Kültür Turu'

2025-03-27 23:35:21,221 - __main__ - WARNING - Test 3 için tahmin yapýlamadý.
2025-03-27 23:35:21,221 - __main__ - INFO - 
Iterative Deepening tahmin testi:
2025-03-27 23:35:21,227 - iterative_deepening - INFO - IDDFS modeli baþarýyla yüklendi
2025-03-27 23:35:21,230 - __main__ - INFO - Test 1: Yaz, Plaj, Bütçe: 15000
2025-03-27 23:35:21,230 - __main__ - INFO -   Tahmin: Kapadokya, Güven: 0.6675
2025-03-27 23:35:21,233 - __main__ - INFO - Test 2: Kýþ, Kayak, Bütçe: 20000
2025-03-27 23:35:21,234 - __main__ - INFO -   Tahmin: Çanakkale, Güven: 0.6470
2025-03-27 23:35:21,235 - iterative_deepening - ERROR - Tahmin hatasý: y contains previously unseen labels: 'Kültür Turu'
2025-03-27 23:35:21,235 - __main__ - WARNING - Test 3 için tahmin yapýlamadý.
2025-03-27 23:35:21,236 - __main__ - INFO - 
KNN tahmin testi:
2025-03-27 23:35:21,241 - knn_model - INFO - KNN modeli baþarýyla yüklendi.
2025-03-27 23:35:21,248 - __main__ - INFO - Test 1: Yaz, Plaj, Bütçe: 15000
2025-03-27 23:35:21,248 - __main__ - INFO -   Tahmin: Antalya, Güven: 0.1824
2025-03-27 23:35:21,253 - __main__ - INFO - Test 2: Kýþ, Kayak, Bütçe: 20000
2025-03-27 23:35:21,253 - __main__ - INFO -   Tahmin: Kapadokya, Güven: 0.1824
2025-03-27 23:35:21,254 - knn_model - ERROR - Tahmin hatasý: y contains previously unseen labels: 'Kültür Turu'
2025-03-27 23:35:21,255 - __main__ - WARNING - Test 3 için tahmin yapýlamadý.
2025-03-27 23:35:21,255 - __main__ - INFO - 
Model tahmin testi tamamlandý.
2025-03-27 23:38:50,901 - __main__ - INFO - Tüm modellerin eðitimi baþlýyor...
2025-03-27 23:38:50,920 - __main__ - INFO - Veri seti yüklendi: ../data/synthetic_vacation_data.csv, Satýr sayýsý: 1000
2025-03-27 23:38:50,921 - __main__ - INFO - 
==================================================
A* Algoritmasý eðitimi baþlýyor
==================================================
2025-03-27 23:38:50,922 - a_star_search - INFO - A* tabanlý model eðitimi baþlýyor...
2025-03-27 23:38:50,949 - a_star_search - INFO - Özellik aðýrlýklarý öðreniliyor...
2025-03-27 23:38:51,927 - a_star_search - INFO - Ýterasyon 10/150, Doðruluk: 0.4400
2025-03-27 23:38:52,965 - a_star_search - INFO - Ýterasyon 20/150, Doðruluk: 0.5125
2025-03-27 23:38:53,913 - a_star_search - INFO - Ýterasyon 30/150 - Erken durdurma (En iyi doðruluk: 0.5675)
2025-03-27 23:38:53,914 - a_star_search - INFO - Özellik aðýrlýklarý öðrenildi. En iyi doðruluk: 0.5675
2025-03-27 23:38:53,940 - a_star_search - INFO - Test Seti Doðruluk: 0.5350, Tahmin Süresi: 0.02 saniye
2025-03-27 23:38:53,940 - a_star_search - INFO - 
Confusion Matrix:
2025-03-27 23:38:53,943 - a_star_search - INFO - 
[[ 8 16  0  1  0  8  0  0]
 [ 0 32  0  1  0  0  0  0]
 [ 4 16  8  1  4  9  3  0]
 [ 0  2  4  6  2  1  1  0]
 [ 2  0  0  0 12  1  0  0]
 [ 0  0  0  0  0  5  3  1]
 [ 0  1  1  0  1  2 14  5]
 [ 0  0  0  3  0  0  0 22]]
2025-03-27 23:38:53,945 - a_star_search - INFO - 
Classification Report:
2025-03-27 23:38:53,962 - a_star_search - INFO - 
              precision    recall  f1-score   support

     Antalya       0.57      0.24      0.34        33
      Bodrum       0.48      0.97      0.64        33
   Kapadokya       0.62      0.18      0.28        45
      Samsun       0.50      0.38      0.43        16
   Sarýkamýþ       0.63      0.80      0.71        15
      Uludað       0.19      0.56      0.29         9
   Çanakkale       0.67      0.58      0.62        24
    Ýstanbul       0.79      0.88      0.83        25

    accuracy                           0.54       200
   macro avg       0.56      0.57      0.52       200
weighted avg       0.59      0.54      0.50       200

2025-03-27 23:38:54,515 - a_star_search - WARNING - Grafik oluþturma hatasý: [Errno 2] No such file or directory: 'models/astar_feature_weights.png'
2025-03-27 23:38:54,517 - a_star_search - INFO - A* tabanlý model eðitimi tamamlandý
2025-03-27 23:38:54,529 - a_star_search - INFO - A* modeli baþarýyla kaydedildi.
2025-03-27 23:38:54,530 - __main__ - INFO - A* Algoritmasý modeli baþarýyla kaydedildi.
2025-03-27 23:38:54,531 - __main__ - INFO - A* Algoritmasý eðitimi tamamlandý. Süre: 3.61 saniye
2025-03-27 23:38:55,221 - __main__ - INFO - Model karþýlaþtýrma grafiði kaydedildi: model_training_comparison.png
2025-03-27 23:38:55,222 - __main__ - INFO - 
Tüm modellerin eðitimi tamamlandý.
2025-03-27 23:38:55,222 - __main__ - INFO - 
Model tahmin testi baþlýyor...
2025-03-27 23:38:55,223 - __main__ - INFO - 
A* Algoritmasý tahmin testi:
2025-03-27 23:38:55,247 - a_star_search - INFO - A* modeli baþarýyla yüklendi.
2025-03-27 23:38:55,251 - __main__ - INFO - Test 1: Yaz, Plaj, Bütçe: 15000
2025-03-27 23:38:55,252 - __main__ - INFO -   Tahmin: None, Güven: 0.3359
2025-03-27 23:38:55,254 - __main__ - INFO - Test 2: Kýþ, Kayak, Bütçe: 20000
2025-03-27 23:38:55,254 - __main__ - INFO -   Tahmin: None, Güven: 0.3232
2025-03-27 23:38:55,255 - a_star_search - ERROR - Tahmin hatasý: y contains previously unseen labels: 'Kültür Turu'
2025-03-27 23:38:55,256 - __main__ - WARNING - Test 3 için tahmin yapýlamadý.
2025-03-27 23:38:55,256 - __main__ - INFO - 
Genetik Algoritma tahmin testi:
2025-03-27 23:38:55,262 - genetic_algorithm - INFO - Genetik Algoritma modeli baþarýyla yüklendi
2025-03-27 23:38:55,263 - genetic_algorithm - INFO - Genetik Algoritma ile tahmin yapýlýyor...
2025-03-27 23:38:55,264 - genetic_algorithm - WARNING - recommended_vacation kullanýcý tercihlerinde bulunamadý!
2025-03-27 23:38:55,265 - genetic_algorithm - ERROR - Genetik Algoritma tahmin hatasý: argument of type 'NoneType' is not iterable
2025-03-27 23:38:55,266 - genetic_algorithm - ERROR - Traceback (most recent call last):
  File "C:\Users\efeba\YAP441\models\genetic_algorithm.py", line 392, in predict
    if col in processed_preferences:
TypeError: argument of type 'NoneType' is not iterable

2025-03-27 23:38:55,267 - __main__ - WARNING - Test 1 için tahmin yapýlamadý.
2025-03-27 23:38:55,267 - genetic_algorithm - INFO - Genetik Algoritma ile tahmin yapýlýyor...
2025-03-27 23:38:55,269 - genetic_algorithm - WARNING - recommended_vacation kullanýcý tercihlerinde bulunamadý!
2025-03-27 23:38:55,269 - genetic_algorithm - ERROR - Genetik Algoritma tahmin hatasý: argument of type 'NoneType' is not iterable
2025-03-27 23:38:55,271 - genetic_algorithm - ERROR - Traceback (most recent call last):
  File "C:\Users\efeba\YAP441\models\genetic_algorithm.py", line 392, in predict
    if col in processed_preferences:
TypeError: argument of type 'NoneType' is not iterable

2025-03-27 23:38:55,272 - __main__ - WARNING - Test 2 için tahmin yapýlamadý.
2025-03-27 23:38:55,272 - genetic_algorithm - INFO - Genetik Algoritma ile tahmin yapýlýyor...
2025-03-27 23:38:55,273 - genetic_algorithm - ERROR - Genetik Algoritma tahmin hatasý: y contains previously unseen labels: 'Kültür Turu'
2025-03-27 23:38:55,276 - genetic_algorithm - ERROR - Traceback (most recent call last):
  File "C:\Users\efeba\AppData\Roaming\Python\Python310\site-packages\sklearn\utils\_encode.py", line 225, in _encode
    return _map_to_integer(values, uniques)
  File "C:\Users\efeba\AppData\Roaming\Python\Python310\site-packages\sklearn\utils\_encode.py", line 165, in _map_to_integer
    return np.array([table[v] for v in values])
  File "C:\Users\efeba\AppData\Roaming\Python\Python310\site-packages\sklearn\utils\_encode.py", line 165, in <listcomp>
    return np.array([table[v] for v in values])
  File "C:\Users\efeba\AppData\Roaming\Python\Python310\site-packages\sklearn\utils\_encode.py", line 159, in __missing__
    raise KeyError(key)
KeyError: 'Kültür Turu'

During handling of the above exception, another exception occurred:

Traceback (most recent call last):
  File "C:\Users\efeba\YAP441\models\genetic_algorithm.py", line 387, in predict
    processed_preferences = self._process_user_preferences(user_preferences)
  File "C:\Users\efeba\YAP441\models\genetic_algorithm.py", line 450, in _process_user_preferences
    features[col] = self.label_encoders[col].transform([str(user_preferences[col])])[0]
  File "C:\Users\efeba\AppData\Roaming\Python\Python310\site-packages\sklearn\utils\_set_output.py", line 140, in wrapped
    data_to_wrap = f(self, X, *args, **kwargs)
  File "C:\Users\efeba\AppData\Roaming\Python\Python310\site-packages\sklearn\preprocessing\_label.py", line 137, in transform
    return _encode(y, uniques=self.classes_)
  File "C:\Users\efeba\AppData\Roaming\Python\Python310\site-packages\sklearn\utils\_encode.py", line 227, in _encode
    raise ValueError(f"y contains previously unseen labels: {str(e)}")
ValueError: y contains previously unseen labels: 'Kültür Turu'

2025-03-27 23:38:55,277 - __main__ - WARNING - Test 3 için tahmin yapýlamadý.
2025-03-27 23:38:55,277 - __main__ - INFO - 
Iterative Deepening tahmin testi:
2025-03-27 23:38:55,284 - iterative_deepening - INFO - IDDFS modeli baþarýyla yüklendi
2025-03-27 23:38:55,286 - __main__ - INFO - Test 1: Yaz, Plaj, Bütçe: 15000
2025-03-27 23:38:55,288 - __main__ - INFO -   Tahmin: Kapadokya, Güven: 0.6675
2025-03-27 23:38:55,289 - __main__ - INFO - Test 2: Kýþ, Kayak, Bütçe: 20000
2025-03-27 23:38:55,291 - __main__ - INFO -   Tahmin: Çanakkale, Güven: 0.6470
2025-03-27 23:38:55,291 - iterative_deepening - ERROR - Tahmin hatasý: y contains previously unseen labels: 'Kültür Turu'
2025-03-27 23:38:55,292 - __main__ - WARNING - Test 3 için tahmin yapýlamadý.
2025-03-27 23:38:55,292 - __main__ - INFO - 
KNN tahmin testi:
2025-03-27 23:38:55,298 - knn_model - INFO - KNN modeli baþarýyla yüklendi.
2025-03-27 23:38:55,305 - __main__ - INFO - Test 1: Yaz, Plaj, Bütçe: 15000
2025-03-27 23:38:55,307 - __main__ - INFO -   Tahmin: Antalya, Güven: 0.1824
2025-03-27 23:38:55,311 - __main__ - INFO - Test 2: Kýþ, Kayak, Bütçe: 20000
2025-03-27 23:38:55,312 - __main__ - INFO -   Tahmin: Kapadokya, Güven: 0.1824
2025-03-27 23:38:55,312 - knn_model - ERROR - Tahmin hatasý: y contains previously unseen labels: 'Kültür Turu'
2025-03-27 23:38:55,313 - __main__ - WARNING - Test 3 için tahmin yapýlamadý.
2025-03-27 23:38:55,313 - __main__ - INFO - 
Model tahmin testi tamamlandý.
2025-03-27 23:44:45,154 - __main__ - INFO - Tüm modellerin eðitimi baþlýyor...
2025-03-27 23:44:45,172 - __main__ - INFO - Veri seti yüklendi: ../data/synthetic_vacation_data.csv, Satýr sayýsý: 1000
2025-03-27 23:44:45,172 - __main__ - INFO - 
==================================================
A* Algoritmasý eðitimi baþlýyor
==================================================
2025-03-27 23:44:45,173 - a_star_search - INFO - A* tabanlý model eðitimi baþlýyor...
2025-03-27 23:44:45,198 - a_star_search - INFO - Özellik aðýrlýklarý öðreniliyor...
2025-03-27 23:44:46,903 - a_star_search - INFO - Ýterasyon 10/150, Doðruluk: 0.4350
2025-03-27 23:44:48,631 - a_star_search - INFO - Ýterasyon 20/150, Doðruluk: 0.5225
2025-03-27 23:44:50,125 - a_star_search - INFO - Ýterasyon 30/150 - Erken durdurma (En iyi doðruluk: 0.5813)
2025-03-27 23:44:50,125 - a_star_search - INFO - Özellik aðýrlýklarý öðrenildi. En iyi doðruluk: 0.5813
2025-03-27 23:44:50,157 - a_star_search - INFO - Test Seti Doðruluk: 0.5450, Tahmin Süresi: 0.03 saniye
2025-03-27 23:44:50,157 - a_star_search - INFO - 
Confusion Matrix:
2025-03-27 23:44:50,161 - a_star_search - INFO - 
[[ 8 16  0  2  0  5  2  0]
 [ 1 31  0  1  0  0  0  0]
 [ 4 16  8  2  4  7  4  0]
 [ 0  1  4  7  2  1  1  0]
 [ 2  0  0  0 12  1  0  0]
 [ 0  0  0  0  0  6  3  0]
 [ 0  1  1  0  1  2 15  4]
 [ 0  0  0  3  0  0  0 22]]
2025-03-27 23:44:50,162 - a_star_search - INFO - 
Classification Report:
2025-03-27 23:44:50,179 - a_star_search - INFO - 
              precision    recall  f1-score   support

     Antalya       0.53      0.24      0.33        33
      Bodrum       0.48      0.94      0.63        33
   Kapadokya       0.62      0.18      0.28        45
      Samsun       0.47      0.44      0.45        16
   Sarýkamýþ       0.63      0.80      0.71        15
      Uludað       0.27      0.67      0.39         9
   Çanakkale       0.60      0.62      0.61        24
    Ýstanbul       0.85      0.88      0.86        25

    accuracy                           0.55       200
   macro avg       0.56      0.60      0.53       200
weighted avg       0.58      0.55      0.51       200

2025-03-27 23:44:50,788 - a_star_search - WARNING - Grafik oluþturma hatasý: [Errno 2] No such file or directory: 'models/astar_feature_weights.png'
2025-03-27 23:44:50,792 - a_star_search - INFO - A* tabanlý model eðitimi tamamlandý
2025-03-27 23:44:50,807 - a_star_search - INFO - A* modeli baþarýyla kaydedildi.
2025-03-27 23:44:50,808 - __main__ - INFO - A* Algoritmasý modeli baþarýyla kaydedildi.
2025-03-27 23:44:50,809 - __main__ - INFO - A* Algoritmasý eðitimi tamamlandý. Süre: 5.64 saniye
2025-03-27 23:44:50,809 - __main__ - INFO - 
==================================================
Genetik Algoritma eðitimi baþlýyor
==================================================
2025-03-27 23:44:50,810 - genetic_algorithm - INFO - Genetik Algoritma model eðitimi baþlýyor...
2025-03-27 23:44:54,298 - genetic_algorithm - INFO - Jenerasyon 1/50, En Ýyi Uygunluk: 0.2232
2025-03-27 23:45:09,942 - genetic_algorithm - INFO - Jenerasyon 5/50, En Ýyi Uygunluk: 0.3449
2025-03-27 23:45:28,654 - genetic_algorithm - INFO - Jenerasyon 10/50, En Ýyi Uygunluk: 0.4264
2025-03-27 23:45:46,671 - genetic_algorithm - INFO - Jenerasyon 15/50, En Ýyi Uygunluk: 0.4402
2025-03-27 23:46:02,469 - genetic_algorithm - INFO - Jenerasyon 20/50, En Ýyi Uygunluk: 0.4402
2025-03-27 23:46:08,715 - genetic_algorithm - INFO - Erken durdurma: 10 jenerasyon boyunca ilerleme yok. Jenerasyon 22/50
2025-03-27 23:46:08,724 - genetic_algorithm - INFO - 
Test Seti Doðruluk Oraný: 0.4000
2025-03-27 23:46:08,724 - genetic_algorithm - INFO - 
Confusion Matrix:
2025-03-27 23:46:08,726 - genetic_algorithm - INFO - 
[[22  2  9  0  0  0  0  0]
 [ 2 27  1  0  0  0  3  0]
 [ 5 14 14  0  4  0  8  0]
 [ 0  8  6  0  1  0  1  0]
 [ 1  0  0  0  0  0 11  3]
 [ 0  1  3  0  0  0  3  2]
 [ 0  5  3  0  1  0  8  7]
 [ 0  0  3  0  0  0 13  9]]
2025-03-27 23:46:08,727 - genetic_algorithm - INFO - 
Classification Report:
2025-03-27 23:46:08,745 - genetic_algorithm - INFO - 
              precision    recall  f1-score   support

           0       0.73      0.67      0.70        33
           1       0.47      0.82      0.60        33
           2       0.36      0.31      0.33        45
           3       0.00      0.00      0.00        16
           4       0.00      0.00      0.00        15
           5       0.00      0.00      0.00         9
           6       0.17      0.33      0.23        24
           7       0.43      0.36      0.39        25

    accuracy                           0.40       200
   macro avg       0.27      0.31      0.28       200
weighted avg       0.35      0.40      0.37       200

2025-03-27 23:46:09,096 - genetic_algorithm - WARNING - Grafik oluþturma hatasý: [Errno 2] No such file or directory: 'models/genetic_algorithm_fitness.png'
2025-03-27 23:46:09,101 - genetic_algorithm - INFO - Genetik Algoritma model eðitimi tamamlandý
2025-03-27 23:46:09,112 - genetic_algorithm - INFO - Genetik Algoritma modeli baþarýyla kaydedildi
2025-03-27 23:46:09,112 - __main__ - INFO - Genetik Algoritma modeli baþarýyla kaydedildi.
2025-03-27 23:46:09,113 - __main__ - INFO - Genetik Algoritma eðitimi tamamlandý. Süre: 78.30 saniye
2025-03-27 23:46:09,113 - __main__ - INFO - 
==================================================
Iterative Deepening eðitimi baþlýyor
==================================================
2025-03-27 23:46:09,114 - iterative_deepening - INFO - IDDFS tabanlý model eðitimi baþlýyor...
2025-03-27 23:46:09,197 - iterative_deepening - INFO - Derinlik 1: Doðruluk 0.2250, Tahmin Süresi: 0.06 saniye
2025-03-27 23:46:09,264 - iterative_deepening - INFO - Derinlik 2: Doðruluk 0.2250, Tahmin Süresi: 0.07 saniye
2025-03-27 23:46:09,331 - iterative_deepening - INFO - Derinlik 3: Doðruluk 0.2250, Tahmin Süresi: 0.07 saniye
2025-03-27 23:46:09,410 - iterative_deepening - INFO - Derinlik 4: Doðruluk 0.2250, Tahmin Süresi: 0.08 saniye
2025-03-27 23:46:09,507 - iterative_deepening - INFO - Derinlik 5: Doðruluk 0.2250, Tahmin Süresi: 0.09 saniye
2025-03-27 23:46:09,604 - iterative_deepening - INFO - Derinlik 6: Doðruluk 0.2250, Tahmin Süresi: 0.09 saniye
2025-03-27 23:46:09,708 - iterative_deepening - INFO - Derinlik 7: Doðruluk 0.2250, Tahmin Süresi: 0.10 saniye
2025-03-27 23:46:09,838 - iterative_deepening - INFO - Derinlik 8: Doðruluk 0.2250, Tahmin Süresi: 0.13 saniye
2025-03-27 23:46:09,927 - iterative_deepening - INFO - Derinlik 9: Doðruluk 0.2250, Tahmin Süresi: 0.09 saniye
2025-03-27 23:46:09,979 - iterative_deepening - INFO - Derinlik 10: Doðruluk 0.2250, Tahmin Süresi: 0.05 saniye
2025-03-27 23:46:09,979 - iterative_deepening - INFO - En iyi derinlik: 1, Doðruluk: 0.2250
2025-03-27 23:46:09,980 - iterative_deepening - INFO - 
Test Seti Performansý (En iyi derinlik ile):
2025-03-27 23:46:09,980 - iterative_deepening - INFO - 
Confusion Matrix:
2025-03-27 23:46:09,984 - iterative_deepening - INFO - 
[[ 4  4  2  1  4  2  5 11]
 [ 3  4  6  7  1  1  4  7]
 [ 6  3  7  3  4  2 10 10]
 [ 2  1  2  2  1  2  3  3]
 [ 0  1  2  1  2  3  0  6]
 [ 0  2  1  1  0  0  3  2]
 [ 0  0  0  1  2  1  6 14]
 [ 0  0  4  0  0  1  0 20]]
2025-03-27 23:46:09,985 - iterative_deepening - INFO - 
Classification Report:
2025-03-27 23:46:10,000 - iterative_deepening - INFO - 
              precision    recall  f1-score   support

     Antalya       0.27      0.12      0.17        33
      Bodrum       0.27      0.12      0.17        33
   Kapadokya       0.29      0.16      0.20        45
      Samsun       0.12      0.12      0.12        16
   Sarýkamýþ       0.14      0.13      0.14        15
      Uludað       0.00      0.00      0.00         9
   Çanakkale       0.19      0.25      0.22        24
    Ýstanbul       0.27      0.80      0.41        25

    accuracy                           0.23       200
   macro avg       0.20      0.21      0.18       200
weighted avg       0.23      0.23      0.20       200

2025-03-27 23:46:10,579 - iterative_deepening - WARNING - Grafik oluþturma hatasý: [Errno 2] No such file or directory: 'models/iddfs_performance.png'
2025-03-27 23:46:10,584 - iterative_deepening - INFO - IDDFS tabanlý model eðitimi tamamlandý
2025-03-27 23:46:10,595 - iterative_deepening - INFO - IDDFS modeli baþarýyla kaydedildi
2025-03-27 23:46:10,595 - __main__ - INFO - Iterative Deepening modeli baþarýyla kaydedildi.
2025-03-27 23:46:10,596 - __main__ - INFO - Iterative Deepening eðitimi tamamlandý. Süre: 1.48 saniye
2025-03-27 23:46:10,597 - __main__ - INFO - 
==================================================
KNN eðitimi baþlýyor
==================================================
2025-03-27 23:46:10,597 - knn_model - INFO - KNN model eðitimi baþlýyor...
2025-03-27 23:46:11,440 - knn_model - WARNING - Elbow grafik oluþturma hatasý: [Errno 2] No such file or directory: 'models/knn_elbow_plot.png'
2025-03-27 23:46:11,444 - knn_model - INFO - Optimal K deðeri: 1
2025-03-27 23:46:11,444 - knn_model - INFO - Hiperparametre optimizasyonu baþlýyor...
2025-03-27 23:46:28,191 - knn_model - INFO - 
En iyi parametreler: {'algorithm': 'auto', 'metric': 'manhattan', 'n_neighbors': 5, 'p': 1, 'weights': 'distance'}
2025-03-27 23:46:28,192 - knn_model - INFO - En iyi cross-validation skoru: 0.8150
2025-03-27 23:46:28,201 - knn_model - INFO - 
Test Seti Performansý:
2025-03-27 23:46:28,202 - knn_model - INFO - 
Confusion Matrix:
2025-03-27 23:46:28,205 - knn_model - INFO - 
[[23  0  3  6  0  0  0  1]
 [ 0 33  0  0  0  0  0  0]
 [ 2  2 35  2  1  1  2  0]
 [ 2  0  1 12  0  0  1  0]
 [ 1  0  0  0 14  0  0  0]
 [ 0  0  0  0  0  6  3  0]
 [ 1  0  1  1  0  0 21  0]
 [ 0  0  1  1  0  0  0 23]]
2025-03-27 23:46:28,205 - knn_model - INFO - 
Classification Report:
2025-03-27 23:46:28,225 - knn_model - INFO - 
              precision    recall  f1-score   support

     Antalya       0.79      0.70      0.74        33
      Bodrum       0.94      1.00      0.97        33
   Kapadokya       0.85      0.78      0.81        45
      Samsun       0.55      0.75      0.63        16
   Sarýkamýþ       0.93      0.93      0.93        15
      Uludað       0.86      0.67      0.75         9
   Çanakkale       0.78      0.88      0.82        24
    Ýstanbul       0.96      0.92      0.94        25

    accuracy                           0.83       200
   macro avg       0.83      0.83      0.83       200
weighted avg       0.84      0.83      0.84       200

2025-03-27 23:46:28,226 - knn_model - INFO - KNN model eðitimi tamamlandý
2025-03-27 23:46:28,238 - knn_model - INFO - KNN modeli kaydedildi.
2025-03-27 23:46:28,239 - __main__ - INFO - KNN modeli baþarýyla kaydedildi.
2025-03-27 23:46:28,239 - __main__ - INFO - KNN eðitimi tamamlandý. Süre: 17.64 saniye
2025-03-27 23:46:29,247 - __main__ - INFO - Model karþýlaþtýrma grafiði kaydedildi: model_training_comparison.png
2025-03-27 23:46:29,248 - __main__ - INFO - 
Tüm modellerin eðitimi tamamlandý.
2025-03-27 23:46:29,248 - __main__ - INFO - 
Model tahmin testi baþlýyor...
2025-03-27 23:46:29,250 - __main__ - INFO - 
A* Algoritmasý tahmin testi:
2025-03-27 23:46:29,258 - a_star_search - INFO - A* modeli baþarýyla yüklendi.
2025-03-27 23:46:29,264 - __main__ - INFO - Test 1: Yaz, Plaj, Bütçe: 15000
2025-03-27 23:46:29,265 - __main__ - INFO -   Tahmin: None, Güven: 0.3337
2025-03-27 23:46:29,270 - __main__ - INFO - Test 2: Kýþ, Kayak, Bütçe: 20000
2025-03-27 23:46:29,270 - __main__ - INFO -   Tahmin: None, Güven: 0.3218
2025-03-27 23:46:29,271 - a_star_search - ERROR - Tahmin hatasý: y contains previously unseen labels: 'Kültür Turu'
2025-03-27 23:46:29,275 - a_star_search - ERROR - Traceback: Traceback (most recent call last):
  File "C:\Users\efeba\AppData\Roaming\Python\Python310\site-packages\sklearn\utils\_encode.py", line 225, in _encode
    return _map_to_integer(values, uniques)
  File "C:\Users\efeba\AppData\Roaming\Python\Python310\site-packages\sklearn\utils\_encode.py", line 165, in _map_to_integer
    return np.array([table[v] for v in values])
  File "C:\Users\efeba\AppData\Roaming\Python\Python310\site-packages\sklearn\utils\_encode.py", line 165, in <listcomp>
    return np.array([table[v] for v in values])
  File "C:\Users\efeba\AppData\Roaming\Python\Python310\site-packages\sklearn\utils\_encode.py", line 159, in __missing__
    raise KeyError(key)
KeyError: 'Kültür Turu'

During handling of the above exception, another exception occurred:

Traceback (most recent call last):
  File "C:\Users\efeba\YAP441\models\a_star_search.py", line 365, in predict
    features[col] = self.label_encoders[col].transform([str(user_preferences[col])])[0]
  File "C:\Users\efeba\AppData\Roaming\Python\Python310\site-packages\sklearn\utils\_set_output.py", line 140, in wrapped
    data_to_wrap = f(self, X, *args, **kwargs)
  File "C:\Users\efeba\AppData\Roaming\Python\Python310\site-packages\sklearn\preprocessing\_label.py", line 137, in transform
    return _encode(y, uniques=self.classes_)
  File "C:\Users\efeba\AppData\Roaming\Python\Python310\site-packages\sklearn\utils\_encode.py", line 227, in _encode
    raise ValueError(f"y contains previously unseen labels: {str(e)}")
ValueError: y contains previously unseen labels: 'Kültür Turu'

2025-03-27 23:46:29,276 - __main__ - WARNING - Test 3 için tahmin yapýlamadý.
2025-03-27 23:46:29,277 - __main__ - INFO - 
Genetik Algoritma tahmin testi:
2025-03-27 23:46:29,321 - genetic_algorithm - INFO - Genetik Algoritma modeli baþarýyla yüklendi
2025-03-27 23:46:29,321 - genetic_algorithm - INFO - Genetik Algoritma ile tahmin yapýlýyor...
2025-03-27 23:46:29,325 - genetic_algorithm - INFO - Genetik Algoritma tahmini: {'destination': 'Kapadokya', 'confidence': 0.998806296005871}
2025-03-27 23:46:29,326 - __main__ - INFO - Test 1: Yaz, Plaj, Bütçe: 15000
2025-03-27 23:46:29,327 - __main__ - INFO -   Tahmin: Kapadokya, Güven: 0.9988
2025-03-27 23:46:29,327 - genetic_algorithm - INFO - Genetik Algoritma ile tahmin yapýlýyor...
2025-03-27 23:46:29,332 - genetic_algorithm - INFO - Genetik Algoritma tahmini: {'destination': 'Kapadokya', 'confidence': 0.9966593540415775}
2025-03-27 23:46:29,333 - __main__ - INFO - Test 2: Kýþ, Kayak, Bütçe: 20000
2025-03-27 23:46:29,333 - __main__ - INFO -   Tahmin: Kapadokya, Güven: 0.9967
2025-03-27 23:46:29,334 - genetic_algorithm - INFO - Genetik Algoritma ile tahmin yapýlýyor...
2025-03-27 23:46:29,335 - genetic_algorithm - WARNING - preferred_activity için encoding hatasý: y contains previously unseen labels: 'Kültür Turu'
2025-03-27 23:46:29,339 - genetic_algorithm - INFO - Genetik Algoritma tahmini: {'destination': 'Kapadokya', 'confidence': 0.9965487464107996}
2025-03-27 23:46:29,339 - __main__ - INFO - Test 3: Ýlkbahar, Kültür Turu, Bütçe: 10000
2025-03-27 23:46:29,340 - __main__ - INFO -   Tahmin: Kapadokya, Güven: 0.9965
2025-03-27 23:46:29,340 - __main__ - INFO - 
Iterative Deepening tahmin testi:
2025-03-27 23:46:29,356 - iterative_deepening - INFO - IDDFS modeli baþarýyla yüklendi
2025-03-27 23:46:29,360 - __main__ - INFO - Test 1: Yaz, Plaj, Bütçe: 15000
2025-03-27 23:46:29,360 - __main__ - INFO -   Tahmin: None, Güven: 0.6675
2025-03-27 23:46:29,366 - __main__ - INFO - Test 2: Kýþ, Kayak, Bütçe: 20000
2025-03-27 23:46:29,367 - __main__ - INFO -   Tahmin: None, Güven: 0.6470
2025-03-27 23:46:29,367 - iterative_deepening - WARNING - preferred_activity için encoding hatasý: y contains previously unseen labels: 'Kültür Turu'
2025-03-27 23:46:29,371 - __main__ - INFO - Test 3: Ýlkbahar, Kültür Turu, Bütçe: 10000
2025-03-27 23:46:29,372 - __main__ - INFO -   Tahmin: None, Güven: 0.6306
2025-03-27 23:46:29,372 - __main__ - INFO - 
KNN tahmin testi:
2025-03-27 23:46:29,395 - knn_model - INFO - KNN modeli baþarýyla yüklendi.
2025-03-27 23:46:29,403 - __main__ - INFO - Test 1: Yaz, Plaj, Bütçe: 15000
2025-03-27 23:46:29,403 - __main__ - INFO -   Tahmin: Antalya, Güven: 0.1824
2025-03-27 23:46:29,410 - __main__ - INFO - Test 2: Kýþ, Kayak, Bütçe: 20000
2025-03-27 23:46:29,412 - __main__ - INFO -   Tahmin: Kapadokya, Güven: 0.1824
2025-03-27 23:46:29,413 - knn_model - WARNING - preferred_activity için encoding hatasý: y contains previously unseen labels: 'Kültür Turu'
2025-03-27 23:46:29,419 - __main__ - INFO - Test 3: Ýlkbahar, Kültür Turu, Bütçe: 10000
2025-03-27 23:46:29,420 - __main__ - INFO -   Tahmin: Ýstanbul, Güven: 0.1824
2025-03-27 23:46:29,421 - __main__ - INFO - 
Model tahmin testi tamamlandý.
2025-03-27 23:56:23,007 - __main__ - INFO - Tüm modellerin eðitimi baþlýyor...
2025-03-27 23:56:23,026 - __main__ - INFO - Veri seti yüklendi: ../data/synthetic_vacation_data.csv, Satýr sayýsý: 1000
2025-03-27 23:56:23,027 - __main__ - INFO - 
==================================================
A* Algoritmasý eðitimi baþlýyor
==================================================
2025-03-27 23:56:23,028 - a_star_search - INFO - A* tabanlý model eðitimi baþlýyor...
2025-03-27 23:56:23,257 - a_star_search - INFO - Iterasyon 0: Eðitim doðruluðu = 0.4906, Doðrulama doðruluðu = 0.5125
2025-03-27 23:56:26,920 - a_star_search - INFO - Iterasyon 20: Eðitim doðruluðu = 0.5016, Doðrulama doðruluðu = 0.5375
2025-03-27 23:56:30,633 - a_star_search - INFO - Iterasyon 40: Eðitim doðruluðu = 0.5016, Doðrulama doðruluðu = 0.5312
2025-03-27 23:56:34,044 - a_star_search - INFO - Iterasyon 60: Eðitim doðruluðu = 0.5016, Doðrulama doðruluðu = 0.5125
2025-03-27 23:56:37,286 - a_star_search - INFO - Iterasyon 80: Eðitim doðruluðu = 0.5047, Doðrulama doðruluðu = 0.5188
2025-03-27 23:56:40,825 - a_star_search - INFO - Iterasyon 100: Eðitim doðruluðu = 0.4953, Doðrulama doðruluðu = 0.5250
2025-03-27 23:56:44,129 - a_star_search - INFO - Iterasyon 120: Eðitim doðruluðu = 0.4953, Doðrulama doðruluðu = 0.5188
2025-03-27 23:56:47,427 - a_star_search - INFO - Iterasyon 140: Eðitim doðruluðu = 0.4969, Doðrulama doðruluðu = 0.5188
2025-03-27 23:56:50,842 - a_star_search - INFO - Iterasyon 160: Eðitim doðruluðu = 0.4969, Doðrulama doðruluðu = 0.5188
2025-03-27 23:56:54,101 - a_star_search - INFO - Iterasyon 180: Eðitim doðruluðu = 0.4969, Doðrulama doðruluðu = 0.5188
2025-03-27 23:56:58,409 - a_star_search - INFO - Özellik aðýrlýklarý eðitimi tamamlandý.
2025-03-27 23:56:58,409 - a_star_search - INFO - Öðrenilen aðýrlýklar: [0.7975104  0.7975104  0.7975104  0.35306971 0.80812192 1.85125635
 1.59502081]
2025-03-27 23:56:58,442 - a_star_search - INFO - Test Seti Doðruluk: 0.4700, Tahmin Süresi: 0.03 saniye
2025-03-27 23:56:58,442 - a_star_search - INFO - 
Confusion Matrix:
2025-03-27 23:56:58,445 - a_star_search - INFO - 
[[ 6 16  1  1  2  0  7  0]
 [ 0 32  0  1  0  0  0  0]
 [ 5 17  6  1  5  7  4  0]
 [ 0  4  4  4  3  0  1  0]
 [ 2  0  0  2  9  2  0  0]
 [ 0  0  0  0  0  5  4  0]
 [ 0  1  2  0  0  2 12  7]
 [ 0  0  0  3  0  0  2 20]]
2025-03-27 23:56:58,446 - a_star_search - INFO - 
Classification Report:
2025-03-27 23:56:58,464 - a_star_search - INFO - 
              precision    recall  f1-score   support

     Antalya       0.46      0.18      0.26        33
      Bodrum       0.46      0.97      0.62        33
   Kapadokya       0.46      0.13      0.21        45
      Samsun       0.33      0.25      0.29        16
   Sarýkamýþ       0.47      0.60      0.53        15
      Uludað       0.31      0.56      0.40         9
   Çanakkale       0.40      0.50      0.44        24
    Ýstanbul       0.74      0.80      0.77        25

    accuracy                           0.47       200
   macro avg       0.46      0.50      0.44       200
weighted avg       0.47      0.47      0.42       200

2025-03-27 23:56:59,342 - a_star_search - INFO - A* özellik aðýrlýklarý grafiði kaydedildi: models/astar_feature_weights.png
2025-03-27 23:56:59,342 - a_star_search - INFO - A* tabanlý model eðitimi tamamlandý
2025-03-27 23:56:59,353 - a_star_search - INFO - A* modeli baþarýyla kaydedildi.
2025-03-27 23:56:59,354 - __main__ - INFO - A* Algoritmasý modeli baþarýyla kaydedildi.
2025-03-27 23:56:59,355 - __main__ - INFO - A* Algoritmasý eðitimi tamamlandý. Süre: 36.33 saniye
2025-03-27 23:56:59,356 - __main__ - INFO - 
==================================================
Genetik Algoritma eðitimi baþlýyor
==================================================
2025-03-27 23:56:59,356 - genetic_algorithm - INFO - Genetik Algoritma model eðitimi baþlýyor...
2025-03-27 23:57:02,738 - genetic_algorithm - INFO - Jenerasyon 1/50, En Ýyi Uygunluk: 0.2740
2025-03-27 23:57:18,556 - genetic_algorithm - INFO - Jenerasyon 5/50, En Ýyi Uygunluk: 0.4865
2025-03-27 23:57:41,447 - genetic_algorithm - INFO - Jenerasyon 10/50, En Ýyi Uygunluk: 0.5930
2025-03-27 23:57:58,519 - genetic_algorithm - INFO - Jenerasyon 15/50, En Ýyi Uygunluk: 0.5930
2025-03-27 23:58:14,047 - genetic_algorithm - INFO - Jenerasyon 20/50, En Ýyi Uygunluk: 0.5930
2025-03-27 23:58:14,048 - genetic_algorithm - INFO - Erken durdurma: 10 jenerasyon boyunca ilerleme yok. Jenerasyon 20/50
2025-03-27 23:58:14,056 - genetic_algorithm - INFO - 
Test Seti Doðruluk Oraný: 0.3700
2025-03-27 23:58:14,057 - genetic_algorithm - INFO - 
Confusion Matrix:
2025-03-27 23:58:14,059 - genetic_algorithm - INFO - 
[[ 7 14  3  0  1  0  7  1]
 [ 6 24  1  0  0  0  1  1]
 [ 0  7 20  0  4  1 10  3]
 [ 0  1  5  0  3  0  7  0]
 [ 0  2 10  0  2  1  0  0]
 [ 0  0  1  0  0  0  8  0]
 [ 0  0  2  0  1  0 21  0]
 [ 0  0  0  0  0  0 25  0]]
2025-03-27 23:58:14,060 - genetic_algorithm - INFO - 
Classification Report:
2025-03-27 23:58:14,079 - genetic_algorithm - INFO - 
              precision    recall  f1-score   support

           0       0.54      0.21      0.30        33
           1       0.50      0.73      0.59        33
           2       0.48      0.44      0.46        45
           3       0.00      0.00      0.00        16
           4       0.18      0.13      0.15        15
           5       0.00      0.00      0.00         9
           6       0.27      0.88      0.41        24
           7       0.00      0.00      0.00        25

    accuracy                           0.37       200
   macro avg       0.25      0.30      0.24       200
weighted avg       0.32      0.37      0.31       200

2025-03-27 23:58:14,880 - genetic_algorithm - INFO - Genetik algoritma eðitim grafiði kaydedildi: models/genetic_algorithm_fitness.png
2025-03-27 23:58:14,880 - genetic_algorithm - INFO - Genetik Algoritma model eðitimi tamamlandý
2025-03-27 23:58:14,894 - genetic_algorithm - INFO - Genetik Algoritma modeli baþarýyla kaydedildi
2025-03-27 23:58:14,895 - __main__ - INFO - Genetik Algoritma modeli baþarýyla kaydedildi.
2025-03-27 23:58:14,896 - __main__ - INFO - Genetik Algoritma eðitimi tamamlandý. Süre: 75.54 saniye
2025-03-27 23:58:14,896 - __main__ - INFO - 
==================================================
Iterative Deepening eðitimi baþlýyor
==================================================
2025-03-27 23:58:14,897 - iterative_deepening - INFO - IDDFS tabanlý model eðitimi baþlýyor...
2025-03-27 23:58:14,970 - iterative_deepening - INFO - Derinlik 1: Doðruluk 0.2850, Tahmin Süresi: 0.06 saniye
2025-03-27 23:58:15,077 - iterative_deepening - INFO - Derinlik 2: Doðruluk 0.2850, Tahmin Süresi: 0.11 saniye
2025-03-27 23:58:15,217 - iterative_deepening - INFO - Derinlik 3: Doðruluk 0.2850, Tahmin Süresi: 0.14 saniye
2025-03-27 23:58:15,358 - iterative_deepening - INFO - Derinlik 4: Doðruluk 0.2850, Tahmin Süresi: 0.14 saniye
2025-03-27 23:58:15,516 - iterative_deepening - INFO - Derinlik 5: Doðruluk 0.2850, Tahmin Süresi: 0.16 saniye
2025-03-27 23:58:15,721 - iterative_deepening - INFO - Derinlik 6: Doðruluk 0.2850, Tahmin Süresi: 0.20 saniye
2025-03-27 23:58:15,971 - iterative_deepening - INFO - Derinlik 7: Doðruluk 0.2850, Tahmin Süresi: 0.25 saniye
2025-03-27 23:58:16,196 - iterative_deepening - INFO - Derinlik 8: Doðruluk 0.2850, Tahmin Süresi: 0.22 saniye
2025-03-27 23:58:16,523 - iterative_deepening - INFO - Derinlik 9: Doðruluk 0.2850, Tahmin Süresi: 0.33 saniye
2025-03-27 23:58:16,926 - iterative_deepening - INFO - Derinlik 10: Doðruluk 0.2850, Tahmin Süresi: 0.40 saniye
2025-03-27 23:58:16,927 - iterative_deepening - INFO - En iyi derinlik: 1, Doðruluk: 0.2850
2025-03-27 23:58:16,927 - iterative_deepening - INFO - 
Test Seti Performansý (En iyi derinlik ile):
2025-03-27 23:58:16,928 - iterative_deepening - INFO - 
Confusion Matrix:
2025-03-27 23:58:16,930 - iterative_deepening - INFO - 
[[ 3  3  4  1  4  4  4 10]
 [ 5  5  8  6  1  1  2  5]
 [ 6  4 19  1  3  4  5  3]
 [ 1  2  3  4  1  1  4  0]
 [ 1  2  2  1  4  5  0  0]
 [ 0  1  1  1  1  0  1  4]
 [ 1  3  1  2  3  5  4  5]
 [ 0  1  0  3  0  1  2 18]]
2025-03-27 23:58:16,932 - iterative_deepening - INFO - 
Classification Report:
2025-03-27 23:58:16,947 - iterative_deepening - INFO - 
              precision    recall  f1-score   support

     Antalya       0.18      0.09      0.12        33
      Bodrum       0.24      0.15      0.19        33
   Kapadokya       0.50      0.42      0.46        45
      Samsun       0.21      0.25      0.23        16
   Sarýkamýþ       0.24      0.27      0.25        15
      Uludað       0.00      0.00      0.00         9
   Çanakkale       0.18      0.17      0.17        24
    Ýstanbul       0.40      0.72      0.51        25

    accuracy                           0.28       200
   macro avg       0.24      0.26      0.24       200
weighted avg       0.29      0.28      0.28       200

2025-03-27 23:58:17,974 - iterative_deepening - INFO - IDDFS performans grafiði kaydedildi: models/iddfs_performance.png
2025-03-27 23:58:17,975 - iterative_deepening - INFO - IDDFS tabanlý model eðitimi tamamlandý
2025-03-27 23:58:17,986 - iterative_deepening - INFO - IDDFS modeli baþarýyla kaydedildi
2025-03-27 23:58:17,987 - __main__ - INFO - Iterative Deepening modeli baþarýyla kaydedildi.
2025-03-27 23:58:17,988 - __main__ - INFO - Iterative Deepening eðitimi tamamlandý. Süre: 3.09 saniye
2025-03-27 23:58:17,988 - __main__ - INFO - 
==================================================
KNN eðitimi baþlýyor
==================================================
2025-03-27 23:58:18,009 - __main__ - ERROR - KNN eðitimi sýrasýnda hata oluþtu: can't multiply sequence by non-int of type 'float'
2025-03-27 23:58:18,250 - __main__ - ERROR - Traceback (most recent call last):
  File "C:\Users\efeba\AppData\Roaming\Python\Python310\site-packages\pandas\core\ops\array_ops.py", line 171, in _na_arithmetic_op
    result = func(left, right)
  File "C:\Users\efeba\AppData\Roaming\Python\Python310\site-packages\pandas\core\computation\expressions.py", line 239, in evaluate
    return _evaluate(op, op_str, a, b)  # type: ignore[misc]
  File "C:\Users\efeba\AppData\Roaming\Python\Python310\site-packages\pandas\core\computation\expressions.py", line 70, in _evaluate_standard
    return op(a, b)
TypeError: can't multiply sequence by non-int of type 'float'

During handling of the above exception, another exception occurred:

Traceback (most recent call last):
  File "C:\Users\efeba\YAP441\models\train_all_models.py", line 58, in train_all_models
    model.train(df)
  File "C:\Users\efeba\YAP441\models\knn_model.py", line 67, in train
    X_weighted[col] = X_weighted[col] * weight
  File "C:\Users\efeba\AppData\Roaming\Python\Python310\site-packages\pandas\core\ops\common.py", line 81, in new_method
    return method(self, other)
  File "C:\Users\efeba\AppData\Roaming\Python\Python310\site-packages\pandas\core\arraylike.py", line 202, in __mul__
    return self._arith_method(other, operator.mul)
  File "C:\Users\efeba\AppData\Roaming\Python\Python310\site-packages\pandas\core\series.py", line 6112, in _arith_method
    return base.IndexOpsMixin._arith_method(self, other, op)
  File "C:\Users\efeba\AppData\Roaming\Python\Python310\site-packages\pandas\core\base.py", line 1348, in _arith_method
    result = ops.arithmetic_op(lvalues, rvalues, op)
  File "C:\Users\efeba\AppData\Roaming\Python\Python310\site-packages\pandas\core\ops\array_ops.py", line 232, in arithmetic_op
    res_values = _na_arithmetic_op(left, right, op)  # type: ignore[arg-type]
  File "C:\Users\efeba\AppData\Roaming\Python\Python310\site-packages\pandas\core\ops\array_ops.py", line 178, in _na_arithmetic_op
    result = _masked_arith_op(left, right, op)
  File "C:\Users\efeba\AppData\Roaming\Python\Python310\site-packages\pandas\core\ops\array_ops.py", line 135, in _masked_arith_op
    result[mask] = op(xrav[mask], y)
TypeError: can't multiply sequence by non-int of type 'float'

2025-03-27 23:58:19,151 - __main__ - INFO - Model karþýlaþtýrma grafiði kaydedildi: model_training_comparison.png
2025-03-27 23:58:19,152 - __main__ - INFO - 
Tüm modellerin eðitimi tamamlandý.
2025-03-27 23:58:19,153 - __main__ - INFO - 
Model tahmin testi baþlýyor...
2025-03-27 23:58:19,154 - __main__ - INFO - 
A* Algoritmasý tahmin testi:
2025-03-27 23:58:19,162 - a_star_search - INFO - A* modeli baþarýyla yüklendi.
2025-03-27 23:58:19,166 - __main__ - INFO - Test 1: Yaz, Plaj, Bütçe: 15000
2025-03-27 23:58:19,167 - __main__ - INFO -   Tahmin: None, Güven: 0.0000
2025-03-27 23:58:19,171 - __main__ - INFO - Test 2: Kýþ, Kayak, Bütçe: 20000
2025-03-27 23:58:19,172 - __main__ - INFO -   Tahmin: None, Güven: 0.0000
2025-03-27 23:58:19,172 - a_star_search - WARNING - preferred_activity için 'Kültür Turu' etiketi eðitim verilerinde bulunmuyor.
2025-03-27 23:58:19,176 - __main__ - INFO - Test 3: Ýlkbahar, Kültür Turu, Bütçe: 10000
2025-03-27 23:58:19,176 - __main__ - INFO -   Tahmin: None, Güven: 0.0000
2025-03-27 23:58:19,176 - __main__ - INFO - 
Genetik Algoritma tahmin testi:
2025-03-27 23:58:19,234 - genetic_algorithm - INFO - Genetik Algoritma modeli baþarýyla yüklendi
2025-03-27 23:58:19,235 - genetic_algorithm - INFO - Genetik Algoritma ile tahmin yapýlýyor...
2025-03-27 23:58:19,238 - genetic_algorithm - INFO - Genetik Algoritma tahmini: {'destination': 'Sarýkamýþ', 'confidence': 0.910166951083051}
2025-03-27 23:58:19,239 - __main__ - INFO - Test 1: Yaz, Plaj, Bütçe: 15000
2025-03-27 23:58:19,239 - __main__ - INFO -   Tahmin: Sarýkamýþ, Güven: 0.9102
2025-03-27 23:58:19,240 - genetic_algorithm - INFO - Genetik Algoritma ile tahmin yapýlýyor...
2025-03-27 23:58:19,244 - genetic_algorithm - INFO - Genetik Algoritma tahmini: {'destination': 'Sarýkamýþ', 'confidence': 0.9380947330743954}
2025-03-27 23:58:19,245 - __main__ - INFO - Test 2: Kýþ, Kayak, Bütçe: 20000
2025-03-27 23:58:19,245 - __main__ - INFO -   Tahmin: Sarýkamýþ, Güven: 0.9381
2025-03-27 23:58:19,246 - genetic_algorithm - INFO - Genetik Algoritma ile tahmin yapýlýyor...
2025-03-27 23:58:19,247 - genetic_algorithm - WARNING - preferred_activity için encoding hatasý: y contains previously unseen labels: 'Kültür Turu'
2025-03-27 23:58:19,252 - genetic_algorithm - INFO - Genetik Algoritma tahmini: {'destination': 'Sarýkamýþ', 'confidence': 0.8860428760530961}
2025-03-27 23:58:19,253 - __main__ - INFO - Test 3: Ýlkbahar, Kültür Turu, Bütçe: 10000
2025-03-27 23:58:19,253 - __main__ - INFO -   Tahmin: Sarýkamýþ, Güven: 0.8860
2025-03-27 23:58:19,254 - __main__ - INFO - 
Iterative Deepening tahmin testi:
2025-03-27 23:58:19,270 - iterative_deepening - INFO - IDDFS modeli baþarýyla yüklendi
2025-03-27 23:58:19,274 - __main__ - INFO - Test 1: Yaz, Plaj, Bütçe: 15000
2025-03-27 23:58:19,275 - __main__ - INFO -   Tahmin: None, Güven: 0.7958
2025-03-27 23:58:19,279 - __main__ - INFO - Test 2: Kýþ, Kayak, Bütçe: 20000
2025-03-27 23:58:19,279 - __main__ - INFO -   Tahmin: None, Güven: 0.8009
2025-03-27 23:58:19,280 - iterative_deepening - WARNING - preferred_activity için encoding hatasý: y contains previously unseen labels: 'Kültür Turu'
2025-03-27 23:58:19,282 - iterative_deepening - INFO - Bilinmeyen aktivite için 'Plaj' kullanýlýyor
2025-03-27 23:58:19,286 - __main__ - INFO - Test 3: Ýlkbahar, Kültür Turu, Bütçe: 10000
2025-03-27 23:58:19,286 - __main__ - INFO -   Tahmin: None, Güven: 0.7388
2025-03-27 23:58:19,287 - __main__ - INFO - 
KNN tahmin testi:
2025-03-27 23:58:19,294 - knn_model - INFO - KNN modeli baþarýyla yüklendi.
2025-03-27 23:58:19,302 - __main__ - INFO - Test 1: Yaz, Plaj, Bütçe: 15000
2025-03-27 23:58:19,303 - __main__ - INFO -   Tahmin: Antalya, Güven: 0.1824
2025-03-27 23:58:19,308 - __main__ - INFO - Test 2: Kýþ, Kayak, Bütçe: 20000
2025-03-27 23:58:19,310 - __main__ - INFO -   Tahmin: Kapadokya, Güven: 0.1824
2025-03-27 23:58:19,310 - knn_model - WARNING - preferred_activity için 'Kültür Turu' etiketi eðitim verilerinde bulunmuyor.
2025-03-27 23:58:19,318 - __main__ - INFO - Test 3: Ýlkbahar, Kültür Turu, Bütçe: 10000
2025-03-27 23:58:19,319 - __main__ - INFO -   Tahmin: Ýstanbul, Güven: 0.1824
2025-03-27 23:58:19,319 - __main__ - INFO - 
Model tahmin testi tamamlandý.
